# JRE version: OpenJDK Runtime Environment (17.0+35) (build 17+35-2724)
# Java VM: OpenJDK 64-Bit Server VM (17+35-2724, mixed mode, sharing, tiered, compressed oops, compressed class ptrs, g1 gc, windows-amd64)
GC Precious Log:
 CPUs: 4 total, 4 available
 Memory: 8015M
 Large Page Support: Disabled
 NUMA Support: Disabled
 Compressed Oops: Enabled (32-bit)
 Heap Region Size: 1M
 Heap Min Capacity: 8M
 Heap Initial Capacity: 126M
 Heap Max Capacity: 2004M
 Pre-touch: Disabled
 Parallel Workers: 4
 Concurrent Workers: 1
 Concurrent Refinement Workers: 4
 Periodic GC: Disabled
Heap:
 garbage-first heap   total 129024K, used 59605K [0x0000000082c00000, 0x0000000100000000)
  region size 1024K, 55 young (56320K), 3 survivors (3072K)
 Metaspace       used 13242K, committed 13504K, reserved 1064960K
  class space    used 1631K, committed 1792K, reserved 1048576K
GC Heap History (8 events):
Event: 0.943 GC heap before
{Heap before GC invocations=0 (full 0):
 garbage-first heap   total 129024K, used 13312K [0x0000000082c00000, 0x0000000100000000)
  region size 1024K, 13 young (13312K), 0 survivors (0K)
 Metaspace       used 3347K, committed 3520K, reserved 1056768K
  class space    used 349K, committed 448K, reserved 1048576K
}
Event: 0.949 GC heap after
{Heap after GC invocations=1 (full 0):
 garbage-first heap   total 129024K, used 5220K [0x0000000082c00000, 0x0000000100000000)
  region size 1024K, 2 young (2048K), 2 survivors (2048K)
 Metaspace       used 3347K, committed 3520K, reserved 1056768K
  class space    used 349K, committed 448K, reserved 1048576K
}
Event: 1.694 GC heap before
{Heap before GC invocations=1 (full 0):
 garbage-first heap   total 129024K, used 18532K [0x0000000082c00000, 0x0000000100000000)
  region size 1024K, 15 young (15360K), 2 survivors (2048K)
 Metaspace       used 7084K, committed 7296K, reserved 1056768K
  class space    used 858K, committed 960K, reserved 1048576K
}
Event: 1.701 GC heap after
{Heap after GC invocations=2 (full 0):
 garbage-first heap   total 129024K, used 6862K [0x0000000082c00000, 0x0000000100000000)
  region size 1024K, 2 young (2048K), 2 survivors (2048K)
 Metaspace       used 7084K, committed 7296K, reserved 1056768K
  class space    used 858K, committed 960K, reserved 1048576K
}
Event: 2.700 GC heap before
{Heap before GC invocations=2 (full 0):
 garbage-first heap   total 129024K, used 32462K [0x0000000082c00000, 0x0000000100000000)
  region size 1024K, 28 young (28672K), 2 survivors (2048K)
 Metaspace       used 11182K, committed 11328K, reserved 1064960K
  class space    used 1408K, committed 1472K, reserved 1048576K
}
Event: 2.706 GC heap after
{Heap after GC invocations=3 (full 0):
 garbage-first heap   total 129024K, used 8182K [0x0000000082c00000, 0x0000000100000000)
  region size 1024K, 3 young (3072K), 3 survivors (3072K)
 Metaspace       used 11182K, committed 11328K, reserved 1064960K
  class space    used 1408K, committed 1472K, reserved 1048576K
}
Event: 2.816 GC heap before
{Heap before GC invocations=3 (full 0):
 garbage-first heap   total 129024K, used 80886K [0x0000000082c00000, 0x0000000100000000)
  region size 1024K, 75 young (76800K), 3 survivors (3072K)
 Metaspace       used 11343K, committed 11584K, reserved 1064960K
  class space    used 1417K, committed 1536K, reserved 1048576K
}
Event: 2.824 GC heap after
{Heap after GC invocations=4 (full 0):
 garbage-first heap   total 129024K, used 8405K [0x0000000082c00000, 0x0000000100000000)
  region size 1024K, 3 young (3072K), 3 survivors (3072K)
 Metaspace       used 11343K, committed 11584K, reserved 1064960K
  class space    used 1417K, committed 1536K, reserved 1048576K
}

